<?xml version="1.0" encoding="UTF-8"?>
<!-- Generated by org.testng.reporters.JUnitXMLReporter -->
<testsuite ignored="0" hostname="DESKTOP-9DL12AG" failures="0" tests="13" name="my Test" time="261.393" errors="0" timestamp="2025-04-28T16:27:35 IST">
  <testcase classname="testScript.AdminUserTest" name="verifyToCreateNewUserwithValidDetails" time="52.364">
    <skipped/>
  </testcase> <!-- verifyToCreateNewUserwithValidDetails -->
  <testcase classname="testScript.AdminUserTest" name="verifyToCreateNewUserwithValidDetails" time="51.721">
    <skipped/>
  </testcase> <!-- verifyToCreateNewUserwithValidDetails -->
  <testcase classname="testScript.AdminUserTest" name="verifyToCreateNewUserwithValidDetails" time="1.942"/>
  <testcase classname="testScript.AdminUserTest" name="verifyToUpdateanUserWithValidDetails" time="1.909"/>
  <testcase classname="testScript.ManageContactTest" name="verifyManageContact" time="2.303"/>
  <testcase classname="testScript.ManageCategoryTest" name="verifyAddNewCategorywithValidDetails" time="16.836"/>
  <testcase classname="testScript.ManageNewsTest" name="verifyDeleteButton" time="3.083"/>
  <testcase classname="testScript.ManageNewsTest" name="verifyUpdateButton" time="2.435"/>
  <testcase classname="testScript.ManageNewsTest" name="verifyifWeCanEnterNew_News" time="2.001"/>
  <testcase classname="testScript.SubCategoryTest" name="verifyAddNewSubCategorywithValidDetails" time="7.36"/>
  <testcase classname="testScript.SubCategoryTest" name="verifyUpdateButtonwithValidDetails" time="52.403">
    <skipped/>
  </testcase> <!-- verifyUpdateButtonwithValidDetails -->
  <testcase classname="testScript.SubCategoryTest" name="verifyUpdateButtonwithValidDetails" time="2.052"/>
  <testcase classname="testScript.ManageFootertextTest" name="verifyUpdateFooterTextInformation" time="2.467"/>
</testsuite> <!-- my Test -->
