<?xml version="1.0" encoding="UTF-8"?>
<!-- Generated by org.testng.reporters.JUnitXMLReporter -->
<testsuite ignored="0" hostname="DESKTOP-9DL12AG" failures="0" tests="3" name="my Test" time="24.323" errors="0" timestamp="2025-04-28T12:09:36 IST">
  <testcase classname="testScript.ManageNewsTest" name="verifyDeleteButton" time="3.456"/>
  <testcase classname="testScript.ManageNewsTest" name="verifyUpdateButton" time="2.923"/>
  <testcase classname="testScript.ManageNewsTest" name="verifyifWeCanEnterNew_News" time="3.246"/>
</testsuite> <!-- my Test -->
